<?xml version="1.0" encoding="UTF-8"?>
<!-- Generated by org.testng.reporters.JUnitXMLReporter -->
<testsuite ignored="0" hostname="LAPTOP-DAO6EJJG" failures="0" tests="4" name="Test" time="0.031" errors="0" timestamp="2021-04-16T18:37:58 IST">
  <testcase classname="qaclickacademy.Mavenjava.RestApiTest" name="Postjira" time="0.002"/>
  <testcase classname="qaclickacademy.Mavenjava.RestApiTest" name="deleteTwitter" time="0.0"/>
  <testcase classname="qaclickacademy.Mavenjava.SeleniumTest" name="BrowserAutomation" time="0.0"/>
  <testcase classname="qaclickacademy.Mavenjava.SeleniumTest" name="elementUi" time="0.0"/>
</testsuite> <!-- Test -->
