<?xml version="1.0" encoding="UTF-8"?>
<testng-results ignored="0" total="4" passed="4" failed="0" skipped="0">
  <reporter-output>
  </reporter-output>
  <suite started-at="2021-04-16T18:37:58 IST" name="Suite" finished-at="2021-04-16T18:37:58 IST" duration-ms="31">
    <groups>
    </groups>
    <test started-at="2021-04-16T18:37:58 IST" name="Test" finished-at="2021-04-16T18:37:58 IST" duration-ms="31">
      <class name="qaclickacademy.Mavenjava.RestApiTest">
        <test-method signature="Postjira()[pri:0, instance:qaclickacademy.Mavenjava.RestApiTest@47542153]" started-at="2021-04-16T18:37:58 IST" name="Postjira" finished-at="2021-04-16T18:37:58 IST" duration-ms="2" status="PASS">
          <reporter-output>
          </reporter-output>
        </test-method> <!-- Postjira -->
        <test-method signature="deleteTwitter()[pri:0, instance:qaclickacademy.Mavenjava.RestApiTest@47542153]" started-at="2021-04-16T18:37:58 IST" name="deleteTwitter" finished-at="2021-04-16T18:37:58 IST" duration-ms="0" status="PASS">
          <reporter-output>
          </reporter-output>
        </test-method> <!-- deleteTwitter -->
      </class> <!-- qaclickacademy.Mavenjava.RestApiTest -->
      <class name="qaclickacademy.Mavenjava.SeleniumTest">
        <test-method signature="BrowserAutomation()[pri:0, instance:qaclickacademy.Mavenjava.SeleniumTest@56de5251]" started-at="2021-04-16T18:37:58 IST" name="BrowserAutomation" finished-at="2021-04-16T18:37:58 IST" duration-ms="0" status="PASS">
          <reporter-output>
          </reporter-output>
        </test-method> <!-- BrowserAutomation -->
        <test-method signature="elementUi()[pri:0, instance:qaclickacademy.Mavenjava.SeleniumTest@56de5251]" started-at="2021-04-16T18:37:58 IST" name="elementUi" finished-at="2021-04-16T18:37:58 IST" duration-ms="0" status="PASS">
          <reporter-output>
          </reporter-output>
        </test-method> <!-- elementUi -->
      </class> <!-- qaclickacademy.Mavenjava.SeleniumTest -->
    </test> <!-- Test -->
  </suite> <!-- Suite -->
</testng-results>
