<?xml version="1.0" encoding="UTF-8"?>
<testng-results ignored="0" total="2" passed="2" failed="0" skipped="0">
  <reporter-output>
  </reporter-output>
  <suite started-at="2021-04-16T17:33:35 IST" name="Default suite" finished-at="2021-04-16T17:33:35 IST" duration-ms="37">
    <groups>
    </groups>
    <test started-at="2021-04-16T17:33:35 IST" name="Default test" finished-at="2021-04-16T17:33:35 IST" duration-ms="37">
      <class name="qaclickacademy.Mavenjava.RestApiTest">
        <test-method signature="Postjira()[pri:0, instance:qaclickacademy.Mavenjava.RestApiTest@fa49800]" started-at="2021-04-16T17:33:35 IST" name="Postjira" finished-at="2021-04-16T17:33:35 IST" duration-ms="6" status="PASS">
          <reporter-output>
          </reporter-output>
        </test-method> <!-- Postjira -->
        <test-method signature="deleteTwitter()[pri:0, instance:qaclickacademy.Mavenjava.RestApiTest@fa49800]" started-at="2021-04-16T17:33:35 IST" name="deleteTwitter" finished-at="2021-04-16T17:33:35 IST" duration-ms="1" status="PASS">
          <reporter-output>
          </reporter-output>
        </test-method> <!-- deleteTwitter -->
      </class> <!-- qaclickacademy.Mavenjava.RestApiTest -->
    </test> <!-- Default test -->
  </suite> <!-- Default suite -->
</testng-results>
